2022-07-17 12:38:18.047 [restartedMain] INFO  com.atguigu.hospital.ManageApplication - Starting ManageApplication on bobochangdeMacBook-Pro.local with PID 90424 (/Users/bobochang/Documents/IdeaProjects/yygh_parent/hospital-manage/target/classes started by bobochang in /Users/bobochang/Documents/IdeaProjects/yygh_parent)
2022-07-17 12:38:18.055 [restartedMain] INFO  com.atguigu.hospital.ManageApplication - The following profiles are active: dev
2022-07-17 12:38:18.119 [restartedMain] INFO  o.s.b.d.env.DevToolsPropertyDefaultsPostProcessor - Devtools property defaults active! Set 'spring.devtools.add-properties' to 'false' to disable
2022-07-17 12:38:18.127 [restartedMain] INFO  o.s.b.d.env.DevToolsPropertyDefaultsPostProcessor - For additional web related logging consider setting the 'logging.level.web' property to 'DEBUG'
2022-07-17 12:38:19.566 [restartedMain] INFO  o.s.boot.web.embedded.tomcat.TomcatWebServer - Tomcat initialized with port(s): 9998 (http)
2022-07-17 12:38:19.573 [restartedMain] INFO  org.apache.coyote.http11.Http11NioProtocol - Initializing ProtocolHandler ["http-nio-9998"]
2022-07-17 12:38:19.573 [restartedMain] INFO  org.apache.catalina.core.StandardService - Starting service [Tomcat]
2022-07-17 12:38:19.574 [restartedMain] INFO  org.apache.catalina.core.StandardEngine - Starting Servlet engine: [Apache Tomcat/9.0.45]
2022-07-17 12:38:19.628 [restartedMain] INFO  o.a.c.core.ContainerBase.[Tomcat].[localhost].[/] - Initializing Spring embedded WebApplicationContext
2022-07-17 12:38:19.629 [restartedMain] INFO  o.s.b.w.s.c.ServletWebServerApplicationContext - Root WebApplicationContext: initialization completed in 1501 ms
2022-07-17 12:38:19.923 [restartedMain] INFO  com.zaxxer.hikari.HikariDataSource - GuliHikariPool - Starting...
2022-07-17 12:38:20.105 [restartedMain] INFO  com.zaxxer.hikari.HikariDataSource - GuliHikariPool - Start completed.
2022-07-17 12:38:20.846 [restartedMain] INFO  s.d.s.w.PropertySourcedRequestMappingHandlerMapping - Mapped URL path [/v2/api-docs] onto method [springfox.documentation.swagger2.web.Swagger2Controller#getDocumentation(String, HttpServletRequest)]
2022-07-17 12:38:20.948 [restartedMain] INFO  o.s.scheduling.concurrent.ThreadPoolTaskExecutor - Initializing ExecutorService 'applicationTaskExecutor'
2022-07-17 12:38:21.027 [restartedMain] INFO  o.s.b.d.autoconfigure.OptionalLiveReloadServer - LiveReload server is running on port 35729
2022-07-17 12:38:21.298 [restartedMain] INFO  org.apache.coyote.http11.Http11NioProtocol - Starting ProtocolHandler ["http-nio-9998"]
2022-07-17 12:38:21.319 [restartedMain] INFO  o.s.boot.web.embedded.tomcat.TomcatWebServer - Tomcat started on port(s): 9998 (http) with context path ''
2022-07-17 12:38:21.322 [restartedMain] INFO  s.d.s.web.plugins.DocumentationPluginsBootstrapper - Context refreshed
2022-07-17 12:38:21.331 [restartedMain] INFO  s.d.s.web.plugins.DocumentationPluginsBootstrapper - Found 1 custom documentation plugin(s)
2022-07-17 12:38:21.375 [restartedMain] INFO  s.d.spring.web.scanners.ApiListingReferenceScanner - Scanning for api listing references
2022-07-17 12:38:21.431 [restartedMain] INFO  com.atguigu.hospital.ManageApplication - Started ManageApplication in 3.93 seconds (JVM running for 4.883)
2022-07-17 12:42:41.365 [SpringContextShutdownHook] INFO  o.s.scheduling.concurrent.ThreadPoolTaskExecutor - Shutting down ExecutorService 'applicationTaskExecutor'
2022-07-17 12:42:41.369 [SpringContextShutdownHook] INFO  com.zaxxer.hikari.HikariDataSource - GuliHikariPool - Shutdown initiated...
2022-07-17 12:42:41.388 [SpringContextShutdownHook] INFO  com.zaxxer.hikari.HikariDataSource - GuliHikariPool - Shutdown completed.
2022-07-17 12:43:07.408 [restartedMain] INFO  com.atguigu.hospital.ManageApplication - Starting ManageApplication on bobochangdeMacBook-Pro.local with PID 91362 (/Users/bobochang/Documents/IdeaProjects/yygh_parent/hospital-manage/target/classes started by bobochang in /Users/bobochang/Documents/IdeaProjects/yygh_parent)
2022-07-17 12:43:07.414 [restartedMain] INFO  com.atguigu.hospital.ManageApplication - The following profiles are active: dev
2022-07-17 12:43:07.472 [restartedMain] INFO  o.s.b.d.env.DevToolsPropertyDefaultsPostProcessor - Devtools property defaults active! Set 'spring.devtools.add-properties' to 'false' to disable
2022-07-17 12:43:07.472 [restartedMain] INFO  o.s.b.d.env.DevToolsPropertyDefaultsPostProcessor - For additional web related logging consider setting the 'logging.level.web' property to 'DEBUG'
2022-07-17 12:43:09.032 [restartedMain] INFO  o.s.boot.web.embedded.tomcat.TomcatWebServer - Tomcat initialized with port(s): 9998 (http)
2022-07-17 12:43:09.038 [restartedMain] INFO  org.apache.coyote.http11.Http11NioProtocol - Initializing ProtocolHandler ["http-nio-9998"]
2022-07-17 12:43:09.039 [restartedMain] INFO  org.apache.catalina.core.StandardService - Starting service [Tomcat]
2022-07-17 12:43:09.039 [restartedMain] INFO  org.apache.catalina.core.StandardEngine - Starting Servlet engine: [Apache Tomcat/9.0.45]
2022-07-17 12:43:09.097 [restartedMain] INFO  o.a.c.core.ContainerBase.[Tomcat].[localhost].[/] - Initializing Spring embedded WebApplicationContext
2022-07-17 12:43:09.100 [restartedMain] INFO  o.s.b.w.s.c.ServletWebServerApplicationContext - Root WebApplicationContext: initialization completed in 1627 ms
2022-07-17 12:43:09.428 [restartedMain] INFO  com.zaxxer.hikari.HikariDataSource - GuliHikariPool - Starting...
2022-07-17 12:43:09.642 [restartedMain] INFO  com.zaxxer.hikari.HikariDataSource - GuliHikariPool - Start completed.
2022-07-17 12:43:10.369 [restartedMain] INFO  s.d.s.w.PropertySourcedRequestMappingHandlerMapping - Mapped URL path [/v2/api-docs] onto method [springfox.documentation.swagger2.web.Swagger2Controller#getDocumentation(String, HttpServletRequest)]
2022-07-17 12:43:10.453 [restartedMain] INFO  o.s.scheduling.concurrent.ThreadPoolTaskExecutor - Initializing ExecutorService 'applicationTaskExecutor'
2022-07-17 12:43:10.718 [restartedMain] INFO  org.apache.coyote.http11.Http11NioProtocol - Starting ProtocolHandler ["http-nio-9998"]
2022-07-17 12:43:10.741 [restartedMain] INFO  o.s.boot.web.embedded.tomcat.TomcatWebServer - Tomcat started on port(s): 9998 (http) with context path ''
2022-07-17 12:43:10.742 [restartedMain] INFO  s.d.s.web.plugins.DocumentationPluginsBootstrapper - Context refreshed
2022-07-17 12:43:10.750 [restartedMain] INFO  s.d.s.web.plugins.DocumentationPluginsBootstrapper - Found 1 custom documentation plugin(s)
2022-07-17 12:43:10.778 [restartedMain] INFO  s.d.spring.web.scanners.ApiListingReferenceScanner - Scanning for api listing references
2022-07-17 12:43:10.810 [restartedMain] INFO  com.atguigu.hospital.ManageApplication - Started ManageApplication in 4.068 seconds (JVM running for 4.906)
2022-07-17 12:44:21.729 [SpringContextShutdownHook] INFO  o.s.scheduling.concurrent.ThreadPoolTaskExecutor - Shutting down ExecutorService 'applicationTaskExecutor'
2022-07-17 12:44:21.734 [SpringContextShutdownHook] INFO  com.zaxxer.hikari.HikariDataSource - GuliHikariPool - Shutdown initiated...
2022-07-17 12:44:21.743 [SpringContextShutdownHook] INFO  com.zaxxer.hikari.HikariDataSource - GuliHikariPool - Shutdown completed.
2022-07-17 12:45:14.213 [restartedMain] INFO  com.atguigu.hospital.ManageApplication - Starting ManageApplication on bobochangdeMacBook-Pro.local with PID 91632 (/Users/bobochang/Documents/IdeaProjects/yygh_parent/hospital-manage/target/classes started by bobochang in /Users/bobochang/Documents/IdeaProjects/yygh_parent)
2022-07-17 12:45:14.223 [restartedMain] INFO  com.atguigu.hospital.ManageApplication - The following profiles are active: dev
2022-07-17 12:45:14.287 [restartedMain] INFO  o.s.b.d.env.DevToolsPropertyDefaultsPostProcessor - Devtools property defaults active! Set 'spring.devtools.add-properties' to 'false' to disable
2022-07-17 12:45:14.287 [restartedMain] INFO  o.s.b.d.env.DevToolsPropertyDefaultsPostProcessor - For additional web related logging consider setting the 'logging.level.web' property to 'DEBUG'
2022-07-17 12:45:15.951 [restartedMain] INFO  o.s.boot.web.embedded.tomcat.TomcatWebServer - Tomcat initialized with port(s): 9998 (http)
2022-07-17 12:45:15.957 [restartedMain] INFO  org.apache.coyote.http11.Http11NioProtocol - Initializing ProtocolHandler ["http-nio-9998"]
2022-07-17 12:45:15.958 [restartedMain] INFO  org.apache.catalina.core.StandardService - Starting service [Tomcat]
2022-07-17 12:45:15.958 [restartedMain] INFO  org.apache.catalina.core.StandardEngine - Starting Servlet engine: [Apache Tomcat/9.0.45]
2022-07-17 12:45:16.018 [restartedMain] INFO  o.a.c.core.ContainerBase.[Tomcat].[localhost].[/] - Initializing Spring embedded WebApplicationContext
2022-07-17 12:45:16.022 [restartedMain] INFO  o.s.b.w.s.c.ServletWebServerApplicationContext - Root WebApplicationContext: initialization completed in 1734 ms
2022-07-17 12:45:16.339 [restartedMain] INFO  com.zaxxer.hikari.HikariDataSource - GuliHikariPool - Starting...
2022-07-17 12:45:16.554 [restartedMain] INFO  com.zaxxer.hikari.HikariDataSource - GuliHikariPool - Start completed.
2022-07-17 12:45:17.318 [restartedMain] INFO  s.d.s.w.PropertySourcedRequestMappingHandlerMapping - Mapped URL path [/v2/api-docs] onto method [springfox.documentation.swagger2.web.Swagger2Controller#getDocumentation(String, HttpServletRequest)]
2022-07-17 12:45:17.397 [restartedMain] INFO  o.s.scheduling.concurrent.ThreadPoolTaskExecutor - Initializing ExecutorService 'applicationTaskExecutor'
2022-07-17 12:45:17.615 [restartedMain] INFO  org.apache.coyote.http11.Http11NioProtocol - Starting ProtocolHandler ["http-nio-9998"]
2022-07-17 12:45:17.636 [restartedMain] INFO  o.s.boot.web.embedded.tomcat.TomcatWebServer - Tomcat started on port(s): 9998 (http) with context path ''
2022-07-17 12:45:17.637 [restartedMain] INFO  s.d.s.web.plugins.DocumentationPluginsBootstrapper - Context refreshed
2022-07-17 12:45:17.644 [restartedMain] INFO  s.d.s.web.plugins.DocumentationPluginsBootstrapper - Found 1 custom documentation plugin(s)
2022-07-17 12:45:17.669 [restartedMain] INFO  s.d.spring.web.scanners.ApiListingReferenceScanner - Scanning for api listing references
2022-07-17 12:45:17.692 [restartedMain] INFO  com.atguigu.hospital.ManageApplication - Started ManageApplication in 4.145 seconds (JVM running for 5.021)
2022-07-17 12:58:26.704 [SpringContextShutdownHook] INFO  o.s.scheduling.concurrent.ThreadPoolTaskExecutor - Shutting down ExecutorService 'applicationTaskExecutor'
2022-07-17 12:58:26.708 [SpringContextShutdownHook] INFO  com.zaxxer.hikari.HikariDataSource - GuliHikariPool - Shutdown initiated...
2022-07-17 12:58:26.724 [SpringContextShutdownHook] INFO  com.zaxxer.hikari.HikariDataSource - GuliHikariPool - Shutdown completed.
2022-07-17 13:12:13.417 [restartedMain] INFO  com.atguigu.hospital.ManageApplication - Starting ManageApplication on bobochangdeMacBook-Pro.local with PID 94123 (/Users/bobochang/Documents/IdeaProjects/yygh_parent/hospital-manage/target/classes started by bobochang in /Users/bobochang/Documents/IdeaProjects/yygh_parent)
2022-07-17 13:12:13.450 [restartedMain] INFO  com.atguigu.hospital.ManageApplication - The following profiles are active: dev
2022-07-17 13:12:13.515 [restartedMain] INFO  o.s.b.d.env.DevToolsPropertyDefaultsPostProcessor - Devtools property defaults active! Set 'spring.devtools.add-properties' to 'false' to disable
2022-07-17 13:12:13.515 [restartedMain] INFO  o.s.b.d.env.DevToolsPropertyDefaultsPostProcessor - For additional web related logging consider setting the 'logging.level.web' property to 'DEBUG'
2022-07-17 13:12:15.225 [restartedMain] INFO  o.s.boot.web.embedded.tomcat.TomcatWebServer - Tomcat initialized with port(s): 9998 (http)
2022-07-17 13:12:15.232 [restartedMain] INFO  org.apache.coyote.http11.Http11NioProtocol - Initializing ProtocolHandler ["http-nio-9998"]
2022-07-17 13:12:15.232 [restartedMain] INFO  org.apache.catalina.core.StandardService - Starting service [Tomcat]
2022-07-17 13:12:15.233 [restartedMain] INFO  org.apache.catalina.core.StandardEngine - Starting Servlet engine: [Apache Tomcat/9.0.45]
2022-07-17 13:12:15.288 [restartedMain] INFO  o.a.c.core.ContainerBase.[Tomcat].[localhost].[/] - Initializing Spring embedded WebApplicationContext
2022-07-17 13:12:15.292 [restartedMain] INFO  o.s.b.w.s.c.ServletWebServerApplicationContext - Root WebApplicationContext: initialization completed in 1776 ms
2022-07-17 13:12:15.654 [restartedMain] INFO  com.zaxxer.hikari.HikariDataSource - GuliHikariPool - Starting...
2022-07-17 13:12:15.855 [restartedMain] INFO  com.zaxxer.hikari.HikariDataSource - GuliHikariPool - Start completed.
2022-07-17 13:12:16.667 [restartedMain] INFO  s.d.s.w.PropertySourcedRequestMappingHandlerMapping - Mapped URL path [/v2/api-docs] onto method [springfox.documentation.swagger2.web.Swagger2Controller#getDocumentation(String, HttpServletRequest)]
2022-07-17 13:12:16.748 [restartedMain] INFO  o.s.scheduling.concurrent.ThreadPoolTaskExecutor - Initializing ExecutorService 'applicationTaskExecutor'
2022-07-17 13:12:16.961 [restartedMain] INFO  org.apache.coyote.http11.Http11NioProtocol - Starting ProtocolHandler ["http-nio-9998"]
2022-07-17 13:12:16.978 [restartedMain] INFO  o.s.boot.web.embedded.tomcat.TomcatWebServer - Tomcat started on port(s): 9998 (http) with context path ''
2022-07-17 13:12:16.979 [restartedMain] INFO  s.d.s.web.plugins.DocumentationPluginsBootstrapper - Context refreshed
2022-07-17 13:12:16.985 [restartedMain] INFO  s.d.s.web.plugins.DocumentationPluginsBootstrapper - Found 1 custom documentation plugin(s)
2022-07-17 13:12:17.009 [restartedMain] INFO  s.d.spring.web.scanners.ApiListingReferenceScanner - Scanning for api listing references
2022-07-17 13:12:17.028 [restartedMain] INFO  com.atguigu.hospital.ManageApplication - Started ManageApplication in 4.299 seconds (JVM running for 5.342)
2022-07-17 13:18:10.504 [SpringContextShutdownHook] INFO  o.s.scheduling.concurrent.ThreadPoolTaskExecutor - Shutting down ExecutorService 'applicationTaskExecutor'
2022-07-17 13:18:10.508 [SpringContextShutdownHook] INFO  com.zaxxer.hikari.HikariDataSource - GuliHikariPool - Shutdown initiated...
2022-07-17 13:18:10.518 [SpringContextShutdownHook] INFO  com.zaxxer.hikari.HikariDataSource - GuliHikariPool - Shutdown completed.
2022-07-17 13:19:42.623 [restartedMain] INFO  com.atguigu.hospital.ManageApplication - Starting ManageApplication on bobochangdeMacBook-Pro.local with PID 95177 (/Users/bobochang/Documents/IdeaProjects/yygh_parent/hospital-manage/target/classes started by bobochang in /Users/bobochang/Documents/IdeaProjects/yygh_parent)
2022-07-17 13:19:42.631 [restartedMain] INFO  com.atguigu.hospital.ManageApplication - The following profiles are active: dev
2022-07-17 13:19:42.688 [restartedMain] INFO  o.s.b.d.env.DevToolsPropertyDefaultsPostProcessor - Devtools property defaults active! Set 'spring.devtools.add-properties' to 'false' to disable
2022-07-17 13:19:42.688 [restartedMain] INFO  o.s.b.d.env.DevToolsPropertyDefaultsPostProcessor - For additional web related logging consider setting the 'logging.level.web' property to 'DEBUG'
2022-07-17 13:19:44.364 [restartedMain] INFO  o.s.boot.web.embedded.tomcat.TomcatWebServer - Tomcat initialized with port(s): 9998 (http)
2022-07-17 13:19:44.371 [restartedMain] INFO  org.apache.coyote.http11.Http11NioProtocol - Initializing ProtocolHandler ["http-nio-9998"]
2022-07-17 13:19:44.372 [restartedMain] INFO  org.apache.catalina.core.StandardService - Starting service [Tomcat]
2022-07-17 13:19:44.372 [restartedMain] INFO  org.apache.catalina.core.StandardEngine - Starting Servlet engine: [Apache Tomcat/9.0.45]
2022-07-17 13:19:44.427 [restartedMain] INFO  o.a.c.core.ContainerBase.[Tomcat].[localhost].[/] - Initializing Spring embedded WebApplicationContext
2022-07-17 13:19:44.430 [restartedMain] INFO  o.s.b.w.s.c.ServletWebServerApplicationContext - Root WebApplicationContext: initialization completed in 1741 ms
2022-07-17 13:19:44.747 [restartedMain] INFO  com.zaxxer.hikari.HikariDataSource - GuliHikariPool - Starting...
2022-07-17 13:19:44.952 [restartedMain] INFO  com.zaxxer.hikari.HikariDataSource - GuliHikariPool - Start completed.
2022-07-17 13:19:45.725 [restartedMain] INFO  s.d.s.w.PropertySourcedRequestMappingHandlerMapping - Mapped URL path [/v2/api-docs] onto method [springfox.documentation.swagger2.web.Swagger2Controller#getDocumentation(String, HttpServletRequest)]
2022-07-17 13:19:45.808 [restartedMain] INFO  o.s.scheduling.concurrent.ThreadPoolTaskExecutor - Initializing ExecutorService 'applicationTaskExecutor'
2022-07-17 13:19:46.060 [restartedMain] INFO  org.apache.coyote.http11.Http11NioProtocol - Starting ProtocolHandler ["http-nio-9998"]
2022-07-17 13:19:46.081 [restartedMain] INFO  o.s.boot.web.embedded.tomcat.TomcatWebServer - Tomcat started on port(s): 9998 (http) with context path ''
2022-07-17 13:19:46.082 [restartedMain] INFO  s.d.s.web.plugins.DocumentationPluginsBootstrapper - Context refreshed
2022-07-17 13:19:46.090 [restartedMain] INFO  s.d.s.web.plugins.DocumentationPluginsBootstrapper - Found 1 custom documentation plugin(s)
2022-07-17 13:19:46.122 [restartedMain] INFO  s.d.spring.web.scanners.ApiListingReferenceScanner - Scanning for api listing references
2022-07-17 13:19:46.153 [restartedMain] INFO  com.atguigu.hospital.ManageApplication - Started ManageApplication in 4.204 seconds (JVM running for 5.061)
2022-07-17 13:24:40.152 [SpringContextShutdownHook] INFO  o.s.scheduling.concurrent.ThreadPoolTaskExecutor - Shutting down ExecutorService 'applicationTaskExecutor'
2022-07-17 13:24:40.159 [SpringContextShutdownHook] INFO  com.zaxxer.hikari.HikariDataSource - GuliHikariPool - Shutdown initiated...
2022-07-17 13:24:40.169 [SpringContextShutdownHook] INFO  com.zaxxer.hikari.HikariDataSource - GuliHikariPool - Shutdown completed.
2022-07-17 13:26:45.485 [restartedMain] INFO  com.atguigu.hospital.ManageApplication - Starting ManageApplication on bobochangdeMacBook-Pro.local with PID 96211 (/Users/bobochang/Documents/IdeaProjects/yygh_parent/hospital-manage/target/classes started by bobochang in /Users/bobochang/Documents/IdeaProjects/yygh_parent)
2022-07-17 13:26:45.493 [restartedMain] INFO  com.atguigu.hospital.ManageApplication - The following profiles are active: dev
2022-07-17 13:26:45.554 [restartedMain] INFO  o.s.b.d.env.DevToolsPropertyDefaultsPostProcessor - Devtools property defaults active! Set 'spring.devtools.add-properties' to 'false' to disable
2022-07-17 13:26:45.554 [restartedMain] INFO  o.s.b.d.env.DevToolsPropertyDefaultsPostProcessor - For additional web related logging consider setting the 'logging.level.web' property to 'DEBUG'
2022-07-17 13:26:47.148 [restartedMain] INFO  o.s.boot.web.embedded.tomcat.TomcatWebServer - Tomcat initialized with port(s): 9998 (http)
2022-07-17 13:26:47.155 [restartedMain] INFO  org.apache.coyote.http11.Http11NioProtocol - Initializing ProtocolHandler ["http-nio-9998"]
2022-07-17 13:26:47.156 [restartedMain] INFO  org.apache.catalina.core.StandardService - Starting service [Tomcat]
2022-07-17 13:26:47.157 [restartedMain] INFO  org.apache.catalina.core.StandardEngine - Starting Servlet engine: [Apache Tomcat/9.0.45]
2022-07-17 13:26:47.215 [restartedMain] INFO  o.a.c.core.ContainerBase.[Tomcat].[localhost].[/] - Initializing Spring embedded WebApplicationContext
2022-07-17 13:26:47.219 [restartedMain] INFO  o.s.b.w.s.c.ServletWebServerApplicationContext - Root WebApplicationContext: initialization completed in 1664 ms
2022-07-17 13:26:47.539 [restartedMain] INFO  com.zaxxer.hikari.HikariDataSource - GuliHikariPool - Starting...
2022-07-17 13:26:47.733 [restartedMain] INFO  com.zaxxer.hikari.HikariDataSource - GuliHikariPool - Start completed.
2022-07-17 13:26:48.505 [restartedMain] INFO  s.d.s.w.PropertySourcedRequestMappingHandlerMapping - Mapped URL path [/v2/api-docs] onto method [springfox.documentation.swagger2.web.Swagger2Controller#getDocumentation(String, HttpServletRequest)]
2022-07-17 13:26:48.580 [restartedMain] INFO  o.s.scheduling.concurrent.ThreadPoolTaskExecutor - Initializing ExecutorService 'applicationTaskExecutor'
2022-07-17 13:26:48.815 [restartedMain] INFO  org.apache.coyote.http11.Http11NioProtocol - Starting ProtocolHandler ["http-nio-9998"]
2022-07-17 13:26:48.833 [restartedMain] INFO  o.s.boot.web.embedded.tomcat.TomcatWebServer - Tomcat started on port(s): 9998 (http) with context path ''
2022-07-17 13:26:48.835 [restartedMain] INFO  s.d.s.web.plugins.DocumentationPluginsBootstrapper - Context refreshed
2022-07-17 13:26:48.846 [restartedMain] INFO  s.d.s.web.plugins.DocumentationPluginsBootstrapper - Found 1 custom documentation plugin(s)
2022-07-17 13:26:48.873 [restartedMain] INFO  s.d.spring.web.scanners.ApiListingReferenceScanner - Scanning for api listing references
2022-07-17 13:26:48.905 [restartedMain] INFO  com.atguigu.hospital.ManageApplication - Started ManageApplication in 4.101 seconds (JVM running for 4.948)
2022-07-17 13:27:10.110 [SpringContextShutdownHook] INFO  o.s.scheduling.concurrent.ThreadPoolTaskExecutor - Shutting down ExecutorService 'applicationTaskExecutor'
2022-07-17 13:27:10.113 [SpringContextShutdownHook] INFO  com.zaxxer.hikari.HikariDataSource - GuliHikariPool - Shutdown initiated...
2022-07-17 13:27:10.122 [SpringContextShutdownHook] INFO  com.zaxxer.hikari.HikariDataSource - GuliHikariPool - Shutdown completed.
2022-07-17 13:30:23.913 [restartedMain] INFO  com.atguigu.hospital.ManageApplication - Starting ManageApplication on bobochangdeMacBook-Pro.local with PID 96625 (/Users/bobochang/Documents/IdeaProjects/yygh_parent/hospital-manage/target/classes started by bobochang in /Users/bobochang/Documents/IdeaProjects/yygh_parent)
2022-07-17 13:30:23.920 [restartedMain] INFO  com.atguigu.hospital.ManageApplication - The following profiles are active: dev
2022-07-17 13:30:23.979 [restartedMain] INFO  o.s.b.d.env.DevToolsPropertyDefaultsPostProcessor - Devtools property defaults active! Set 'spring.devtools.add-properties' to 'false' to disable
2022-07-17 13:30:23.979 [restartedMain] INFO  o.s.b.d.env.DevToolsPropertyDefaultsPostProcessor - For additional web related logging consider setting the 'logging.level.web' property to 'DEBUG'
2022-07-17 13:30:25.728 [restartedMain] INFO  o.s.boot.web.embedded.tomcat.TomcatWebServer - Tomcat initialized with port(s): 9998 (http)
2022-07-17 13:30:25.734 [restartedMain] INFO  org.apache.coyote.http11.Http11NioProtocol - Initializing ProtocolHandler ["http-nio-9998"]
2022-07-17 13:30:25.735 [restartedMain] INFO  org.apache.catalina.core.StandardService - Starting service [Tomcat]
2022-07-17 13:30:25.735 [restartedMain] INFO  org.apache.catalina.core.StandardEngine - Starting Servlet engine: [Apache Tomcat/9.0.45]
2022-07-17 13:30:25.794 [restartedMain] INFO  o.a.c.core.ContainerBase.[Tomcat].[localhost].[/] - Initializing Spring embedded WebApplicationContext
2022-07-17 13:30:25.798 [restartedMain] INFO  o.s.b.w.s.c.ServletWebServerApplicationContext - Root WebApplicationContext: initialization completed in 1818 ms
2022-07-17 13:30:26.124 [restartedMain] INFO  com.zaxxer.hikari.HikariDataSource - GuliHikariPool - Starting...
2022-07-17 13:30:26.336 [restartedMain] INFO  com.zaxxer.hikari.HikariDataSource - GuliHikariPool - Start completed.
2022-07-17 13:30:27.089 [restartedMain] INFO  s.d.s.w.PropertySourcedRequestMappingHandlerMapping - Mapped URL path [/v2/api-docs] onto method [springfox.documentation.swagger2.web.Swagger2Controller#getDocumentation(String, HttpServletRequest)]
2022-07-17 13:30:27.181 [restartedMain] INFO  o.s.scheduling.concurrent.ThreadPoolTaskExecutor - Initializing ExecutorService 'applicationTaskExecutor'
2022-07-17 13:30:27.412 [restartedMain] INFO  org.apache.coyote.http11.Http11NioProtocol - Starting ProtocolHandler ["http-nio-9998"]
2022-07-17 13:30:27.431 [restartedMain] INFO  o.s.boot.web.embedded.tomcat.TomcatWebServer - Tomcat started on port(s): 9998 (http) with context path ''
2022-07-17 13:30:27.432 [restartedMain] INFO  s.d.s.web.plugins.DocumentationPluginsBootstrapper - Context refreshed
2022-07-17 13:30:27.439 [restartedMain] INFO  s.d.s.web.plugins.DocumentationPluginsBootstrapper - Found 1 custom documentation plugin(s)
2022-07-17 13:30:27.469 [restartedMain] INFO  s.d.spring.web.scanners.ApiListingReferenceScanner - Scanning for api listing references
2022-07-17 13:30:27.502 [restartedMain] INFO  com.atguigu.hospital.ManageApplication - Started ManageApplication in 4.283 seconds (JVM running for 5.139)
2022-07-17 13:32:17.220 [SpringContextShutdownHook] INFO  o.s.scheduling.concurrent.ThreadPoolTaskExecutor - Shutting down ExecutorService 'applicationTaskExecutor'
2022-07-17 13:32:17.224 [SpringContextShutdownHook] INFO  com.zaxxer.hikari.HikariDataSource - GuliHikariPool - Shutdown initiated...
2022-07-17 13:32:17.236 [SpringContextShutdownHook] INFO  com.zaxxer.hikari.HikariDataSource - GuliHikariPool - Shutdown completed.
2022-07-17 13:34:57.149 [restartedMain] INFO  com.atguigu.hospital.ManageApplication - Starting ManageApplication on bobochangdeMacBook-Pro.local with PID 97165 (/Users/bobochang/Documents/IdeaProjects/yygh_parent/hospital-manage/target/classes started by bobochang in /Users/bobochang/Documents/IdeaProjects/yygh_parent)
2022-07-17 13:34:57.156 [restartedMain] INFO  com.atguigu.hospital.ManageApplication - The following profiles are active: dev
2022-07-17 13:34:57.215 [restartedMain] INFO  o.s.b.d.env.DevToolsPropertyDefaultsPostProcessor - Devtools property defaults active! Set 'spring.devtools.add-properties' to 'false' to disable
2022-07-17 13:34:57.215 [restartedMain] INFO  o.s.b.d.env.DevToolsPropertyDefaultsPostProcessor - For additional web related logging consider setting the 'logging.level.web' property to 'DEBUG'
2022-07-17 13:34:58.803 [restartedMain] INFO  o.s.boot.web.embedded.tomcat.TomcatWebServer - Tomcat initialized with port(s): 9998 (http)
2022-07-17 13:34:58.813 [restartedMain] INFO  org.apache.coyote.http11.Http11NioProtocol - Initializing ProtocolHandler ["http-nio-9998"]
2022-07-17 13:34:58.814 [restartedMain] INFO  org.apache.catalina.core.StandardService - Starting service [Tomcat]
2022-07-17 13:34:58.814 [restartedMain] INFO  org.apache.catalina.core.StandardEngine - Starting Servlet engine: [Apache Tomcat/9.0.45]
2022-07-17 13:34:58.872 [restartedMain] INFO  o.a.c.core.ContainerBase.[Tomcat].[localhost].[/] - Initializing Spring embedded WebApplicationContext
2022-07-17 13:34:58.875 [restartedMain] INFO  o.s.b.w.s.c.ServletWebServerApplicationContext - Root WebApplicationContext: initialization completed in 1659 ms
2022-07-17 13:34:59.248 [restartedMain] INFO  com.zaxxer.hikari.HikariDataSource - GuliHikariPool - Starting...
2022-07-17 13:34:59.455 [restartedMain] INFO  com.zaxxer.hikari.HikariDataSource - GuliHikariPool - Start completed.
2022-07-17 13:35:00.180 [restartedMain] INFO  s.d.s.w.PropertySourcedRequestMappingHandlerMapping - Mapped URL path [/v2/api-docs] onto method [springfox.documentation.swagger2.web.Swagger2Controller#getDocumentation(String, HttpServletRequest)]
2022-07-17 13:35:00.264 [restartedMain] INFO  o.s.scheduling.concurrent.ThreadPoolTaskExecutor - Initializing ExecutorService 'applicationTaskExecutor'
2022-07-17 13:35:00.489 [restartedMain] INFO  org.apache.coyote.http11.Http11NioProtocol - Starting ProtocolHandler ["http-nio-9998"]
2022-07-17 13:35:00.507 [restartedMain] INFO  o.s.boot.web.embedded.tomcat.TomcatWebServer - Tomcat started on port(s): 9998 (http) with context path ''
2022-07-17 13:35:00.508 [restartedMain] INFO  s.d.s.web.plugins.DocumentationPluginsBootstrapper - Context refreshed
2022-07-17 13:35:00.516 [restartedMain] INFO  s.d.s.web.plugins.DocumentationPluginsBootstrapper - Found 1 custom documentation plugin(s)
2022-07-17 13:35:00.542 [restartedMain] INFO  s.d.spring.web.scanners.ApiListingReferenceScanner - Scanning for api listing references
2022-07-17 13:35:00.560 [restartedMain] INFO  com.atguigu.hospital.ManageApplication - Started ManageApplication in 4.074 seconds (JVM running for 4.923)
2022-07-17 13:40:00.334 [SpringContextShutdownHook] INFO  o.s.scheduling.concurrent.ThreadPoolTaskExecutor - Shutting down ExecutorService 'applicationTaskExecutor'
2022-07-17 13:40:00.338 [SpringContextShutdownHook] INFO  com.zaxxer.hikari.HikariDataSource - GuliHikariPool - Shutdown initiated...
2022-07-17 13:40:00.372 [SpringContextShutdownHook] INFO  com.zaxxer.hikari.HikariDataSource - GuliHikariPool - Shutdown completed.
2022-07-17 13:40:28.339 [restartedMain] INFO  com.atguigu.hospital.ManageApplication - Starting ManageApplication on bobochangdeMacBook-Pro.local with PID 97951 (/Users/bobochang/Documents/IdeaProjects/yygh_parent/hospital-manage/target/classes started by bobochang in /Users/bobochang/Documents/IdeaProjects/yygh_parent)
2022-07-17 13:40:28.344 [restartedMain] INFO  com.atguigu.hospital.ManageApplication - The following profiles are active: dev
2022-07-17 13:40:28.401 [restartedMain] INFO  o.s.b.d.env.DevToolsPropertyDefaultsPostProcessor - Devtools property defaults active! Set 'spring.devtools.add-properties' to 'false' to disable
2022-07-17 13:40:28.401 [restartedMain] INFO  o.s.b.d.env.DevToolsPropertyDefaultsPostProcessor - For additional web related logging consider setting the 'logging.level.web' property to 'DEBUG'
2022-07-17 13:40:30.166 [restartedMain] INFO  o.s.boot.web.embedded.tomcat.TomcatWebServer - Tomcat initialized with port(s): 9998 (http)
2022-07-17 13:40:30.173 [restartedMain] INFO  org.apache.coyote.http11.Http11NioProtocol - Initializing ProtocolHandler ["http-nio-9998"]
2022-07-17 13:40:30.174 [restartedMain] INFO  org.apache.catalina.core.StandardService - Starting service [Tomcat]
2022-07-17 13:40:30.174 [restartedMain] INFO  org.apache.catalina.core.StandardEngine - Starting Servlet engine: [Apache Tomcat/9.0.45]
2022-07-17 13:40:30.236 [restartedMain] INFO  o.a.c.core.ContainerBase.[Tomcat].[localhost].[/] - Initializing Spring embedded WebApplicationContext
2022-07-17 13:40:30.239 [restartedMain] INFO  o.s.b.w.s.c.ServletWebServerApplicationContext - Root WebApplicationContext: initialization completed in 1837 ms
2022-07-17 13:40:30.575 [restartedMain] INFO  com.zaxxer.hikari.HikariDataSource - GuliHikariPool - Starting...
2022-07-17 13:40:30.795 [restartedMain] INFO  com.zaxxer.hikari.HikariDataSource - GuliHikariPool - Start completed.
2022-07-17 13:40:31.569 [restartedMain] INFO  s.d.s.w.PropertySourcedRequestMappingHandlerMapping - Mapped URL path [/v2/api-docs] onto method [springfox.documentation.swagger2.web.Swagger2Controller#getDocumentation(String, HttpServletRequest)]
2022-07-17 13:40:31.662 [restartedMain] INFO  o.s.scheduling.concurrent.ThreadPoolTaskExecutor - Initializing ExecutorService 'applicationTaskExecutor'
2022-07-17 13:40:31.895 [restartedMain] INFO  org.apache.coyote.http11.Http11NioProtocol - Starting ProtocolHandler ["http-nio-9998"]
2022-07-17 13:40:31.915 [restartedMain] INFO  o.s.boot.web.embedded.tomcat.TomcatWebServer - Tomcat started on port(s): 9998 (http) with context path ''
2022-07-17 13:40:31.916 [restartedMain] INFO  s.d.s.web.plugins.DocumentationPluginsBootstrapper - Context refreshed
2022-07-17 13:40:31.925 [restartedMain] INFO  s.d.s.web.plugins.DocumentationPluginsBootstrapper - Found 1 custom documentation plugin(s)
2022-07-17 13:40:31.955 [restartedMain] INFO  s.d.spring.web.scanners.ApiListingReferenceScanner - Scanning for api listing references
2022-07-17 13:40:31.978 [restartedMain] INFO  com.atguigu.hospital.ManageApplication - Started ManageApplication in 4.337 seconds (JVM running for 5.164)
2022-07-17 13:41:08.125 [SpringContextShutdownHook] INFO  o.s.scheduling.concurrent.ThreadPoolTaskExecutor - Shutting down ExecutorService 'applicationTaskExecutor'
2022-07-17 13:41:08.128 [SpringContextShutdownHook] INFO  com.zaxxer.hikari.HikariDataSource - GuliHikariPool - Shutdown initiated...
2022-07-17 13:41:08.134 [SpringContextShutdownHook] INFO  com.zaxxer.hikari.HikariDataSource - GuliHikariPool - Shutdown completed.
2022-07-17 13:41:40.751 [restartedMain] INFO  com.atguigu.hospital.ManageApplication - Starting ManageApplication on bobochangdeMacBook-Pro.local with PID 98138 (/Users/bobochang/Documents/IdeaProjects/yygh_parent/hospital-manage/target/classes started by bobochang in /Users/bobochang/Documents/IdeaProjects/yygh_parent)
2022-07-17 13:41:40.758 [restartedMain] INFO  com.atguigu.hospital.ManageApplication - The following profiles are active: dev
2022-07-17 13:41:40.813 [restartedMain] INFO  o.s.b.d.env.DevToolsPropertyDefaultsPostProcessor - Devtools property defaults active! Set 'spring.devtools.add-properties' to 'false' to disable
2022-07-17 13:41:40.813 [restartedMain] INFO  o.s.b.d.env.DevToolsPropertyDefaultsPostProcessor - For additional web related logging consider setting the 'logging.level.web' property to 'DEBUG'
2022-07-17 13:41:42.442 [restartedMain] INFO  o.s.boot.web.embedded.tomcat.TomcatWebServer - Tomcat initialized with port(s): 9998 (http)
2022-07-17 13:41:42.449 [restartedMain] INFO  org.apache.coyote.http11.Http11NioProtocol - Initializing ProtocolHandler ["http-nio-9998"]
2022-07-17 13:41:42.450 [restartedMain] INFO  org.apache.catalina.core.StandardService - Starting service [Tomcat]
2022-07-17 13:41:42.450 [restartedMain] INFO  org.apache.catalina.core.StandardEngine - Starting Servlet engine: [Apache Tomcat/9.0.45]
2022-07-17 13:41:42.510 [restartedMain] INFO  o.a.c.core.ContainerBase.[Tomcat].[localhost].[/] - Initializing Spring embedded WebApplicationContext
2022-07-17 13:41:42.515 [restartedMain] INFO  o.s.b.w.s.c.ServletWebServerApplicationContext - Root WebApplicationContext: initialization completed in 1701 ms
2022-07-17 13:41:42.833 [restartedMain] INFO  com.zaxxer.hikari.HikariDataSource - GuliHikariPool - Starting...
2022-07-17 13:41:43.020 [restartedMain] INFO  com.zaxxer.hikari.HikariDataSource - GuliHikariPool - Start completed.
2022-07-17 13:41:43.703 [restartedMain] INFO  s.d.s.w.PropertySourcedRequestMappingHandlerMapping - Mapped URL path [/v2/api-docs] onto method [springfox.documentation.swagger2.web.Swagger2Controller#getDocumentation(String, HttpServletRequest)]
2022-07-17 13:41:43.784 [restartedMain] INFO  o.s.scheduling.concurrent.ThreadPoolTaskExecutor - Initializing ExecutorService 'applicationTaskExecutor'
2022-07-17 13:41:44.007 [restartedMain] INFO  org.apache.coyote.http11.Http11NioProtocol - Starting ProtocolHandler ["http-nio-9998"]
2022-07-17 13:41:44.029 [restartedMain] INFO  o.s.boot.web.embedded.tomcat.TomcatWebServer - Tomcat started on port(s): 9998 (http) with context path ''
2022-07-17 13:41:44.030 [restartedMain] INFO  s.d.s.web.plugins.DocumentationPluginsBootstrapper - Context refreshed
2022-07-17 13:41:44.038 [restartedMain] INFO  s.d.s.web.plugins.DocumentationPluginsBootstrapper - Found 1 custom documentation plugin(s)
2022-07-17 13:41:44.067 [restartedMain] INFO  s.d.spring.web.scanners.ApiListingReferenceScanner - Scanning for api listing references
2022-07-17 13:41:44.089 [restartedMain] INFO  com.atguigu.hospital.ManageApplication - Started ManageApplication in 3.979 seconds (JVM running for 4.803)
2022-07-17 13:42:53.112 [SpringContextShutdownHook] INFO  o.s.scheduling.concurrent.ThreadPoolTaskExecutor - Shutting down ExecutorService 'applicationTaskExecutor'
2022-07-17 13:42:53.115 [SpringContextShutdownHook] INFO  com.zaxxer.hikari.HikariDataSource - GuliHikariPool - Shutdown initiated...
2022-07-17 13:42:53.124 [SpringContextShutdownHook] INFO  com.zaxxer.hikari.HikariDataSource - GuliHikariPool - Shutdown completed.
2022-07-17 13:54:31.948 [restartedMain] INFO  com.atguigu.hospital.ManageApplication - Starting ManageApplication on bobochangdeMacBook-Pro.local with PID 99394 (/Users/bobochang/Documents/IdeaProjects/yygh_parent/hospital-manage/target/classes started by bobochang in /Users/bobochang/Documents/IdeaProjects/yygh_parent)
2022-07-17 13:54:31.957 [restartedMain] INFO  com.atguigu.hospital.ManageApplication - The following profiles are active: dev
2022-07-17 13:54:32.021 [restartedMain] INFO  o.s.b.d.env.DevToolsPropertyDefaultsPostProcessor - Devtools property defaults active! Set 'spring.devtools.add-properties' to 'false' to disable
2022-07-17 13:54:32.021 [restartedMain] INFO  o.s.b.d.env.DevToolsPropertyDefaultsPostProcessor - For additional web related logging consider setting the 'logging.level.web' property to 'DEBUG'
2022-07-17 13:54:33.604 [restartedMain] INFO  o.s.boot.web.embedded.tomcat.TomcatWebServer - Tomcat initialized with port(s): 9998 (http)
2022-07-17 13:54:33.611 [restartedMain] INFO  org.apache.coyote.http11.Http11NioProtocol - Initializing ProtocolHandler ["http-nio-9998"]
2022-07-17 13:54:33.612 [restartedMain] INFO  org.apache.catalina.core.StandardService - Starting service [Tomcat]
2022-07-17 13:54:33.612 [restartedMain] INFO  org.apache.catalina.core.StandardEngine - Starting Servlet engine: [Apache Tomcat/9.0.45]
2022-07-17 13:54:33.664 [restartedMain] INFO  o.a.c.core.ContainerBase.[Tomcat].[localhost].[/] - Initializing Spring embedded WebApplicationContext
2022-07-17 13:54:33.666 [restartedMain] INFO  o.s.b.w.s.c.ServletWebServerApplicationContext - Root WebApplicationContext: initialization completed in 1644 ms
2022-07-17 13:54:33.991 [restartedMain] INFO  com.zaxxer.hikari.HikariDataSource - GuliHikariPool - Starting...
2022-07-17 13:54:34.217 [restartedMain] INFO  com.zaxxer.hikari.HikariDataSource - GuliHikariPool - Start completed.
2022-07-17 13:54:34.953 [restartedMain] INFO  s.d.s.w.PropertySourcedRequestMappingHandlerMapping - Mapped URL path [/v2/api-docs] onto method [springfox.documentation.swagger2.web.Swagger2Controller#getDocumentation(String, HttpServletRequest)]
2022-07-17 13:54:35.033 [restartedMain] INFO  o.s.scheduling.concurrent.ThreadPoolTaskExecutor - Initializing ExecutorService 'applicationTaskExecutor'
2022-07-17 13:54:35.248 [restartedMain] INFO  org.apache.coyote.http11.Http11NioProtocol - Starting ProtocolHandler ["http-nio-9998"]
2022-07-17 13:54:35.274 [restartedMain] INFO  o.s.boot.web.embedded.tomcat.TomcatWebServer - Tomcat started on port(s): 9998 (http) with context path ''
2022-07-17 13:54:35.276 [restartedMain] INFO  s.d.s.web.plugins.DocumentationPluginsBootstrapper - Context refreshed
2022-07-17 13:54:35.283 [restartedMain] INFO  s.d.s.web.plugins.DocumentationPluginsBootstrapper - Found 1 custom documentation plugin(s)
2022-07-17 13:54:35.309 [restartedMain] INFO  s.d.spring.web.scanners.ApiListingReferenceScanner - Scanning for api listing references
2022-07-17 13:54:35.333 [restartedMain] INFO  com.atguigu.hospital.ManageApplication - Started ManageApplication in 4.077 seconds (JVM running for 4.929)
2022-07-17 13:57:28.558 [SpringContextShutdownHook] INFO  o.s.scheduling.concurrent.ThreadPoolTaskExecutor - Shutting down ExecutorService 'applicationTaskExecutor'
2022-07-17 13:57:28.563 [SpringContextShutdownHook] INFO  com.zaxxer.hikari.HikariDataSource - GuliHikariPool - Shutdown initiated...
2022-07-17 13:57:28.576 [SpringContextShutdownHook] INFO  com.zaxxer.hikari.HikariDataSource - GuliHikariPool - Shutdown completed.
2022-07-17 14:08:12.716 [restartedMain] INFO  com.atguigu.hospital.ManageApplication - Starting ManageApplication on bobochangdeMacBook-Pro.local with PID 1185 (/Users/bobochang/Documents/IdeaProjects/yygh_parent/hospital-manage/target/classes started by bobochang in /Users/bobochang/Documents/IdeaProjects/yygh_parent)
2022-07-17 14:08:12.725 [restartedMain] INFO  com.atguigu.hospital.ManageApplication - The following profiles are active: dev
2022-07-17 14:08:12.788 [restartedMain] INFO  o.s.b.d.env.DevToolsPropertyDefaultsPostProcessor - Devtools property defaults active! Set 'spring.devtools.add-properties' to 'false' to disable
2022-07-17 14:08:12.788 [restartedMain] INFO  o.s.b.d.env.DevToolsPropertyDefaultsPostProcessor - For additional web related logging consider setting the 'logging.level.web' property to 'DEBUG'
2022-07-17 14:08:14.383 [restartedMain] INFO  o.s.boot.web.embedded.tomcat.TomcatWebServer - Tomcat initialized with port(s): 9998 (http)
2022-07-17 14:08:14.391 [restartedMain] INFO  org.apache.coyote.http11.Http11NioProtocol - Initializing ProtocolHandler ["http-nio-9998"]
2022-07-17 14:08:14.391 [restartedMain] INFO  org.apache.catalina.core.StandardService - Starting service [Tomcat]
2022-07-17 14:08:14.392 [restartedMain] INFO  org.apache.catalina.core.StandardEngine - Starting Servlet engine: [Apache Tomcat/9.0.45]
2022-07-17 14:08:14.452 [restartedMain] INFO  o.a.c.core.ContainerBase.[Tomcat].[localhost].[/] - Initializing Spring embedded WebApplicationContext
2022-07-17 14:08:14.455 [restartedMain] INFO  o.s.b.w.s.c.ServletWebServerApplicationContext - Root WebApplicationContext: initialization completed in 1666 ms
2022-07-17 14:08:14.863 [restartedMain] INFO  com.zaxxer.hikari.HikariDataSource - GuliHikariPool - Starting...
2022-07-17 14:08:15.080 [restartedMain] INFO  com.zaxxer.hikari.HikariDataSource - GuliHikariPool - Start completed.
2022-07-17 14:08:15.814 [restartedMain] INFO  s.d.s.w.PropertySourcedRequestMappingHandlerMapping - Mapped URL path [/v2/api-docs] onto method [springfox.documentation.swagger2.web.Swagger2Controller#getDocumentation(String, HttpServletRequest)]
2022-07-17 14:08:15.901 [restartedMain] INFO  o.s.scheduling.concurrent.ThreadPoolTaskExecutor - Initializing ExecutorService 'applicationTaskExecutor'
2022-07-17 14:08:16.130 [restartedMain] INFO  org.apache.coyote.http11.Http11NioProtocol - Starting ProtocolHandler ["http-nio-9998"]
2022-07-17 14:08:16.151 [restartedMain] INFO  o.s.boot.web.embedded.tomcat.TomcatWebServer - Tomcat started on port(s): 9998 (http) with context path ''
2022-07-17 14:08:16.152 [restartedMain] INFO  s.d.s.web.plugins.DocumentationPluginsBootstrapper - Context refreshed
2022-07-17 14:08:16.165 [restartedMain] INFO  s.d.s.web.plugins.DocumentationPluginsBootstrapper - Found 1 custom documentation plugin(s)
2022-07-17 14:08:16.196 [restartedMain] INFO  s.d.spring.web.scanners.ApiListingReferenceScanner - Scanning for api listing references
2022-07-17 14:08:16.215 [restartedMain] INFO  com.atguigu.hospital.ManageApplication - Started ManageApplication in 4.183 seconds (JVM running for 5.024)
2022-07-17 14:18:32.151 [SpringContextShutdownHook] INFO  o.s.scheduling.concurrent.ThreadPoolTaskExecutor - Shutting down ExecutorService 'applicationTaskExecutor'
2022-07-17 14:18:32.155 [SpringContextShutdownHook] INFO  com.zaxxer.hikari.HikariDataSource - GuliHikariPool - Shutdown initiated...
2022-07-17 14:18:32.165 [SpringContextShutdownHook] INFO  com.zaxxer.hikari.HikariDataSource - GuliHikariPool - Shutdown completed.
2022-07-17 14:18:36.022 [restartedMain] INFO  com.atguigu.hospital.ManageApplication - Starting ManageApplication on bobochangdeMacBook-Pro.local with PID 2584 (/Users/bobochang/Documents/IdeaProjects/yygh_parent/hospital-manage/target/classes started by bobochang in /Users/bobochang/Documents/IdeaProjects/yygh_parent)
2022-07-17 14:18:36.029 [restartedMain] INFO  com.atguigu.hospital.ManageApplication - The following profiles are active: dev
2022-07-17 14:18:36.082 [restartedMain] INFO  o.s.b.d.env.DevToolsPropertyDefaultsPostProcessor - Devtools property defaults active! Set 'spring.devtools.add-properties' to 'false' to disable
2022-07-17 14:18:36.082 [restartedMain] INFO  o.s.b.d.env.DevToolsPropertyDefaultsPostProcessor - For additional web related logging consider setting the 'logging.level.web' property to 'DEBUG'
2022-07-17 14:18:37.664 [restartedMain] INFO  o.s.boot.web.embedded.tomcat.TomcatWebServer - Tomcat initialized with port(s): 9998 (http)
2022-07-17 14:18:37.671 [restartedMain] INFO  org.apache.coyote.http11.Http11NioProtocol - Initializing ProtocolHandler ["http-nio-9998"]
2022-07-17 14:18:37.672 [restartedMain] INFO  org.apache.catalina.core.StandardService - Starting service [Tomcat]
2022-07-17 14:18:37.672 [restartedMain] INFO  org.apache.catalina.core.StandardEngine - Starting Servlet engine: [Apache Tomcat/9.0.45]
2022-07-17 14:18:37.727 [restartedMain] INFO  o.a.c.core.ContainerBase.[Tomcat].[localhost].[/] - Initializing Spring embedded WebApplicationContext
2022-07-17 14:18:37.729 [restartedMain] INFO  o.s.b.w.s.c.ServletWebServerApplicationContext - Root WebApplicationContext: initialization completed in 1646 ms
2022-07-17 14:18:38.053 [restartedMain] INFO  com.zaxxer.hikari.HikariDataSource - GuliHikariPool - Starting...
2022-07-17 14:18:38.238 [restartedMain] INFO  com.zaxxer.hikari.HikariDataSource - GuliHikariPool - Start completed.
2022-07-17 14:18:38.959 [restartedMain] INFO  s.d.s.w.PropertySourcedRequestMappingHandlerMapping - Mapped URL path [/v2/api-docs] onto method [springfox.documentation.swagger2.web.Swagger2Controller#getDocumentation(String, HttpServletRequest)]
2022-07-17 14:18:39.049 [restartedMain] INFO  o.s.scheduling.concurrent.ThreadPoolTaskExecutor - Initializing ExecutorService 'applicationTaskExecutor'
2022-07-17 14:18:39.096 [restartedMain] INFO  o.s.b.d.autoconfigure.OptionalLiveReloadServer - LiveReload server is running on port 35729
2022-07-17 14:18:39.283 [restartedMain] INFO  org.apache.coyote.http11.Http11NioProtocol - Starting ProtocolHandler ["http-nio-9998"]
2022-07-17 14:18:39.300 [restartedMain] INFO  o.s.boot.web.embedded.tomcat.TomcatWebServer - Tomcat started on port(s): 9998 (http) with context path ''
2022-07-17 14:18:39.301 [restartedMain] INFO  s.d.s.web.plugins.DocumentationPluginsBootstrapper - Context refreshed
2022-07-17 14:18:39.309 [restartedMain] INFO  s.d.s.web.plugins.DocumentationPluginsBootstrapper - Found 1 custom documentation plugin(s)
2022-07-17 14:18:39.345 [restartedMain] INFO  s.d.spring.web.scanners.ApiListingReferenceScanner - Scanning for api listing references
2022-07-17 14:18:39.368 [restartedMain] INFO  com.atguigu.hospital.ManageApplication - Started ManageApplication in 3.957 seconds (JVM running for 4.855)
2022-07-17 14:32:58.666 [http-nio-9998-exec-1] INFO  o.a.c.core.ContainerBase.[Tomcat].[localhost].[/] - Initializing Spring DispatcherServlet 'dispatcherServlet'
2022-07-17 14:32:58.669 [http-nio-9998-exec-1] INFO  org.springframework.web.servlet.DispatcherServlet - Initializing Servlet 'dispatcherServlet'
2022-07-17 14:32:58.692 [http-nio-9998-exec-1] INFO  org.springframework.web.servlet.DispatcherServlet - Completed initialization in 23 ms
2022-07-17 14:32:58.846 [http-nio-9998-exec-1] INFO  com.atguigu.hospital.util.HttpRequestHelper - 加密前：桥东小区|100|Wed Sep 13 00:00:00 CST 2000|440107200009140930|10|440100|||||200040878|440101|62cfe86b42022c407588d0ac|1000_0|0|啵啵肠z|13726750699|440000|2022-07-18|0|1|1658039578563|674c4139707728439a6510eae12deea9
2022-07-17 14:32:58.848 [http-nio-9998-exec-1] INFO  com.atguigu.hospital.util.HttpRequestHelper - 加密后：8411a9be013bf7af04fe7dc5b4925f9f
2022-07-17 14:32:58.881 [http-nio-9998-exec-1] INFO  c.a.hospital.service.impl.HospitalServiceImpl - {"amount":"100","birthdate":"Wed Sep 13 00:00:00 CST 2000","districtCode":"440101","address":"桥东小区","hosScheduleId":"62cfe86b42022c407588d0ac","provinceCode":"440000","cityCode":"440100","sex":"1","contactsCertificatesType":"","hoscode":"1000_0","isMarry":"0","contactsName":"","certificatesNo":"440107200009140930","contactsPhone":"","contactsCertificatesNo":"","phone":"13726750699","reserveTime":"0","name":"啵啵肠z","depcode":"200040878","reserveDate":"2022-07-18","certificatesType":"10","timestamp":"1658039578563"}
2022-07-17 14:32:58.935 [http-nio-9998-exec-1] INFO  c.a.hospital.service.impl.HospitalServiceImpl - {"address":"桥东小区","birthdate":"Wed Sep 13 00:00:00 CST 2000","certificatesNo":"440107200009140930","certificatesType":"10","cityCode":"440100","contactsCertificatesNo":"","contactsCertificatesType":"","contactsName":"","contactsPhone":"","districtCode":"440101","isMarry":0,"name":"啵啵肠z","param":{},"phone":"13726750699","provinceCode":"440000","sex":1}
2022-07-17 14:37:33.311 [SpringContextShutdownHook] INFO  o.s.scheduling.concurrent.ThreadPoolTaskExecutor - Shutting down ExecutorService 'applicationTaskExecutor'
2022-07-17 14:37:33.315 [SpringContextShutdownHook] INFO  com.zaxxer.hikari.HikariDataSource - GuliHikariPool - Shutdown initiated...
2022-07-17 14:37:33.321 [SpringContextShutdownHook] INFO  com.zaxxer.hikari.HikariDataSource - GuliHikariPool - Shutdown completed.
2022-07-17 14:37:39.326 [restartedMain] INFO  com.atguigu.hospital.ManageApplication - Starting ManageApplication on bobochangdeMacBook-Pro.local with PID 5223 (/Users/bobochang/Documents/IdeaProjects/yygh_parent/hospital-manage/target/classes started by bobochang in /Users/bobochang/Documents/IdeaProjects/yygh_parent)
2022-07-17 14:37:39.335 [restartedMain] INFO  com.atguigu.hospital.ManageApplication - The following profiles are active: dev
2022-07-17 14:37:39.401 [restartedMain] INFO  o.s.b.d.env.DevToolsPropertyDefaultsPostProcessor - Devtools property defaults active! Set 'spring.devtools.add-properties' to 'false' to disable
2022-07-17 14:37:39.402 [restartedMain] INFO  o.s.b.d.env.DevToolsPropertyDefaultsPostProcessor - For additional web related logging consider setting the 'logging.level.web' property to 'DEBUG'
2022-07-17 14:37:40.864 [restartedMain] INFO  o.s.boot.web.embedded.tomcat.TomcatWebServer - Tomcat initialized with port(s): 9998 (http)
2022-07-17 14:37:40.870 [restartedMain] INFO  org.apache.coyote.http11.Http11NioProtocol - Initializing ProtocolHandler ["http-nio-9998"]
2022-07-17 14:37:40.871 [restartedMain] INFO  org.apache.catalina.core.StandardService - Starting service [Tomcat]
2022-07-17 14:37:40.871 [restartedMain] INFO  org.apache.catalina.core.StandardEngine - Starting Servlet engine: [Apache Tomcat/9.0.45]
2022-07-17 14:37:40.927 [restartedMain] INFO  o.a.c.core.ContainerBase.[Tomcat].[localhost].[/] - Initializing Spring embedded WebApplicationContext
2022-07-17 14:37:40.928 [restartedMain] INFO  o.s.b.w.s.c.ServletWebServerApplicationContext - Root WebApplicationContext: initialization completed in 1526 ms
2022-07-17 14:37:41.224 [restartedMain] INFO  com.zaxxer.hikari.HikariDataSource - GuliHikariPool - Starting...
2022-07-17 14:37:41.406 [restartedMain] INFO  com.zaxxer.hikari.HikariDataSource - GuliHikariPool - Start completed.
2022-07-17 14:37:42.099 [restartedMain] INFO  s.d.s.w.PropertySourcedRequestMappingHandlerMapping - Mapped URL path [/v2/api-docs] onto method [springfox.documentation.swagger2.web.Swagger2Controller#getDocumentation(String, HttpServletRequest)]
2022-07-17 14:37:42.202 [restartedMain] INFO  o.s.scheduling.concurrent.ThreadPoolTaskExecutor - Initializing ExecutorService 'applicationTaskExecutor'
2022-07-17 14:37:42.254 [restartedMain] INFO  o.s.b.d.autoconfigure.OptionalLiveReloadServer - LiveReload server is running on port 35729
2022-07-17 14:37:42.410 [restartedMain] INFO  org.apache.coyote.http11.Http11NioProtocol - Starting ProtocolHandler ["http-nio-9998"]
2022-07-17 14:37:42.429 [restartedMain] INFO  o.s.boot.web.embedded.tomcat.TomcatWebServer - Tomcat started on port(s): 9998 (http) with context path ''
2022-07-17 14:37:42.430 [restartedMain] INFO  s.d.s.web.plugins.DocumentationPluginsBootstrapper - Context refreshed
2022-07-17 14:37:42.438 [restartedMain] INFO  s.d.s.web.plugins.DocumentationPluginsBootstrapper - Found 1 custom documentation plugin(s)
2022-07-17 14:37:42.460 [restartedMain] INFO  s.d.spring.web.scanners.ApiListingReferenceScanner - Scanning for api listing references
2022-07-17 14:37:42.481 [restartedMain] INFO  com.atguigu.hospital.ManageApplication - Started ManageApplication in 3.786 seconds (JVM running for 4.752)
2022-07-17 14:39:39.884 [http-nio-9998-exec-1] INFO  o.a.c.core.ContainerBase.[Tomcat].[localhost].[/] - Initializing Spring DispatcherServlet 'dispatcherServlet'
2022-07-17 14:39:39.886 [http-nio-9998-exec-1] INFO  org.springframework.web.servlet.DispatcherServlet - Initializing Servlet 'dispatcherServlet'
2022-07-17 14:39:39.904 [http-nio-9998-exec-1] INFO  org.springframework.web.servlet.DispatcherServlet - Completed initialization in 17 ms
2022-07-17 14:39:40.027 [http-nio-9998-exec-1] INFO  com.atguigu.hospital.util.HttpRequestHelper - 加密前：桥东小区|100|Wed Sep 13 00:00:00 CST 2000|440107200009140930|10|440100|||||200040878|440101|62cfe86b42022c407588d0ac|1000_0|0|啵啵肠z|13726750699|440000|2022-07-18|0|1|1658039979823|674c4139707728439a6510eae12deea9
2022-07-17 14:39:40.029 [http-nio-9998-exec-1] INFO  com.atguigu.hospital.util.HttpRequestHelper - 加密后：7ab509e7d446a2052ae2f4f7f390ab14
2022-07-17 14:39:40.064 [http-nio-9998-exec-1] INFO  c.a.hospital.service.impl.HospitalServiceImpl - {"amount":"100","birthdate":"Wed Sep 13 00:00:00 CST 2000","districtCode":"440101","address":"桥东小区","hosScheduleId":"62cfe86b42022c407588d0ac","provinceCode":"440000","cityCode":"440100","sex":"1","contactsCertificatesType":"","hoscode":"1000_0","isMarry":"0","contactsName":"","certificatesNo":"440107200009140930","contactsPhone":"","contactsCertificatesNo":"","phone":"13726750699","reserveTime":"0","name":"啵啵肠z","depcode":"200040878","reserveDate":"2022-07-18","certificatesType":"10","timestamp":"1658039979823"}
2022-07-17 14:39:40.106 [http-nio-9998-exec-1] INFO  c.a.hospital.service.impl.HospitalServiceImpl - {"address":"桥东小区","birthdate":"Wed Sep 13 00:00:00 CST 2000","certificatesNo":"440107200009140930","certificatesType":"10","cityCode":"440100","contactsCertificatesNo":"","contactsCertificatesType":"","contactsName":"","contactsPhone":"","districtCode":"440101","isMarry":0,"name":"啵啵肠z","param":{},"phone":"13726750699","provinceCode":"440000","sex":1}
2022-07-17 14:40:29.536 [SpringContextShutdownHook] INFO  o.s.scheduling.concurrent.ThreadPoolTaskExecutor - Shutting down ExecutorService 'applicationTaskExecutor'
2022-07-17 14:40:29.538 [SpringContextShutdownHook] INFO  com.zaxxer.hikari.HikariDataSource - GuliHikariPool - Shutdown initiated...
2022-07-17 14:40:29.548 [SpringContextShutdownHook] INFO  com.zaxxer.hikari.HikariDataSource - GuliHikariPool - Shutdown completed.
2022-07-17 14:50:02.426 [restartedMain] INFO  com.atguigu.hospital.ManageApplication - Starting ManageApplication on bobochangdeMacBook-Pro.local with PID 6527 (/Users/bobochang/Documents/IdeaProjects/yygh_parent/hospital-manage/target/classes started by bobochang in /Users/bobochang/Documents/IdeaProjects/yygh_parent)
2022-07-17 14:50:02.435 [restartedMain] INFO  com.atguigu.hospital.ManageApplication - The following profiles are active: dev
2022-07-17 14:50:02.494 [restartedMain] INFO  o.s.b.d.env.DevToolsPropertyDefaultsPostProcessor - Devtools property defaults active! Set 'spring.devtools.add-properties' to 'false' to disable
2022-07-17 14:50:02.495 [restartedMain] INFO  o.s.b.d.env.DevToolsPropertyDefaultsPostProcessor - For additional web related logging consider setting the 'logging.level.web' property to 'DEBUG'
2022-07-17 14:50:04.192 [restartedMain] INFO  o.s.boot.web.embedded.tomcat.TomcatWebServer - Tomcat initialized with port(s): 9998 (http)
2022-07-17 14:50:04.199 [restartedMain] INFO  org.apache.coyote.http11.Http11NioProtocol - Initializing ProtocolHandler ["http-nio-9998"]
2022-07-17 14:50:04.200 [restartedMain] INFO  org.apache.catalina.core.StandardService - Starting service [Tomcat]
2022-07-17 14:50:04.201 [restartedMain] INFO  org.apache.catalina.core.StandardEngine - Starting Servlet engine: [Apache Tomcat/9.0.45]
2022-07-17 14:50:04.273 [restartedMain] INFO  o.a.c.core.ContainerBase.[Tomcat].[localhost].[/] - Initializing Spring embedded WebApplicationContext
2022-07-17 14:50:04.277 [restartedMain] INFO  o.s.b.w.s.c.ServletWebServerApplicationContext - Root WebApplicationContext: initialization completed in 1782 ms
2022-07-17 14:50:04.663 [restartedMain] INFO  com.zaxxer.hikari.HikariDataSource - GuliHikariPool - Starting...
2022-07-17 14:50:04.842 [restartedMain] INFO  com.zaxxer.hikari.HikariDataSource - GuliHikariPool - Start completed.
2022-07-17 14:50:05.510 [restartedMain] INFO  s.d.s.w.PropertySourcedRequestMappingHandlerMapping - Mapped URL path [/v2/api-docs] onto method [springfox.documentation.swagger2.web.Swagger2Controller#getDocumentation(String, HttpServletRequest)]
2022-07-17 14:50:05.588 [restartedMain] INFO  o.s.scheduling.concurrent.ThreadPoolTaskExecutor - Initializing ExecutorService 'applicationTaskExecutor'
2022-07-17 14:50:05.803 [restartedMain] INFO  org.apache.coyote.http11.Http11NioProtocol - Starting ProtocolHandler ["http-nio-9998"]
2022-07-17 14:50:05.824 [restartedMain] INFO  o.s.boot.web.embedded.tomcat.TomcatWebServer - Tomcat started on port(s): 9998 (http) with context path ''
2022-07-17 14:50:05.826 [restartedMain] INFO  s.d.s.web.plugins.DocumentationPluginsBootstrapper - Context refreshed
2022-07-17 14:50:05.835 [restartedMain] INFO  s.d.s.web.plugins.DocumentationPluginsBootstrapper - Found 1 custom documentation plugin(s)
2022-07-17 14:50:05.860 [restartedMain] INFO  s.d.spring.web.scanners.ApiListingReferenceScanner - Scanning for api listing references
2022-07-17 14:50:05.885 [restartedMain] INFO  com.atguigu.hospital.ManageApplication - Started ManageApplication in 4.139 seconds (JVM running for 5.009)
2022-07-17 15:02:33.334 [SpringContextShutdownHook] INFO  o.s.scheduling.concurrent.ThreadPoolTaskExecutor - Shutting down ExecutorService 'applicationTaskExecutor'
2022-07-17 15:02:33.343 [SpringContextShutdownHook] INFO  com.zaxxer.hikari.HikariDataSource - GuliHikariPool - Shutdown initiated...
2022-07-17 15:02:33.354 [SpringContextShutdownHook] INFO  com.zaxxer.hikari.HikariDataSource - GuliHikariPool - Shutdown completed.
2022-07-17 15:02:57.335 [restartedMain] INFO  com.atguigu.hospital.ManageApplication - Starting ManageApplication on bobochangdeMacBook-Pro.local with PID 8335 (/Users/bobochang/Documents/IdeaProjects/yygh_parent/hospital-manage/target/classes started by bobochang in /Users/bobochang/Documents/IdeaProjects/yygh_parent)
2022-07-17 15:02:57.343 [restartedMain] INFO  com.atguigu.hospital.ManageApplication - The following profiles are active: dev
2022-07-17 15:02:57.407 [restartedMain] INFO  o.s.b.d.env.DevToolsPropertyDefaultsPostProcessor - Devtools property defaults active! Set 'spring.devtools.add-properties' to 'false' to disable
2022-07-17 15:02:57.407 [restartedMain] INFO  o.s.b.d.env.DevToolsPropertyDefaultsPostProcessor - For additional web related logging consider setting the 'logging.level.web' property to 'DEBUG'
2022-07-17 15:02:59.075 [restartedMain] INFO  o.s.boot.web.embedded.tomcat.TomcatWebServer - Tomcat initialized with port(s): 9998 (http)
2022-07-17 15:02:59.083 [restartedMain] INFO  org.apache.coyote.http11.Http11NioProtocol - Initializing ProtocolHandler ["http-nio-9998"]
2022-07-17 15:02:59.083 [restartedMain] INFO  org.apache.catalina.core.StandardService - Starting service [Tomcat]
2022-07-17 15:02:59.084 [restartedMain] INFO  org.apache.catalina.core.StandardEngine - Starting Servlet engine: [Apache Tomcat/9.0.45]
2022-07-17 15:02:59.144 [restartedMain] INFO  o.a.c.core.ContainerBase.[Tomcat].[localhost].[/] - Initializing Spring embedded WebApplicationContext
2022-07-17 15:02:59.149 [restartedMain] INFO  o.s.b.w.s.c.ServletWebServerApplicationContext - Root WebApplicationContext: initialization completed in 1741 ms
2022-07-17 15:02:59.479 [restartedMain] INFO  com.zaxxer.hikari.HikariDataSource - GuliHikariPool - Starting...
2022-07-17 15:02:59.679 [restartedMain] INFO  com.zaxxer.hikari.HikariDataSource - GuliHikariPool - Start completed.
2022-07-17 15:03:00.738 [restartedMain] INFO  s.d.s.w.PropertySourcedRequestMappingHandlerMapping - Mapped URL path [/v2/api-docs] onto method [springfox.documentation.swagger2.web.Swagger2Controller#getDocumentation(String, HttpServletRequest)]
2022-07-17 15:03:00.835 [restartedMain] INFO  o.s.scheduling.concurrent.ThreadPoolTaskExecutor - Initializing ExecutorService 'applicationTaskExecutor'
2022-07-17 15:03:01.076 [restartedMain] INFO  org.apache.coyote.http11.Http11NioProtocol - Starting ProtocolHandler ["http-nio-9998"]
2022-07-17 15:03:01.094 [restartedMain] INFO  o.s.boot.web.embedded.tomcat.TomcatWebServer - Tomcat started on port(s): 9998 (http) with context path ''
2022-07-17 15:03:01.096 [restartedMain] INFO  s.d.s.web.plugins.DocumentationPluginsBootstrapper - Context refreshed
2022-07-17 15:03:01.105 [restartedMain] INFO  s.d.s.web.plugins.DocumentationPluginsBootstrapper - Found 1 custom documentation plugin(s)
2022-07-17 15:03:01.138 [restartedMain] INFO  s.d.spring.web.scanners.ApiListingReferenceScanner - Scanning for api listing references
2022-07-17 15:03:01.168 [restartedMain] INFO  com.atguigu.hospital.ManageApplication - Started ManageApplication in 4.521 seconds (JVM running for 5.371)
2022-07-17 15:04:02.550 [SpringContextShutdownHook] INFO  o.s.scheduling.concurrent.ThreadPoolTaskExecutor - Shutting down ExecutorService 'applicationTaskExecutor'
2022-07-17 15:04:02.554 [SpringContextShutdownHook] INFO  com.zaxxer.hikari.HikariDataSource - GuliHikariPool - Shutdown initiated...
2022-07-17 15:04:02.562 [SpringContextShutdownHook] INFO  com.zaxxer.hikari.HikariDataSource - GuliHikariPool - Shutdown completed.
2022-07-17 15:04:30.065 [restartedMain] INFO  com.atguigu.hospital.ManageApplication - Starting ManageApplication on bobochangdeMacBook-Pro.local with PID 8543 (/Users/bobochang/Documents/IdeaProjects/yygh_parent/hospital-manage/target/classes started by bobochang in /Users/bobochang/Documents/IdeaProjects/yygh_parent)
2022-07-17 15:04:30.073 [restartedMain] INFO  com.atguigu.hospital.ManageApplication - The following profiles are active: dev
2022-07-17 15:04:30.128 [restartedMain] INFO  o.s.b.d.env.DevToolsPropertyDefaultsPostProcessor - Devtools property defaults active! Set 'spring.devtools.add-properties' to 'false' to disable
2022-07-17 15:04:30.128 [restartedMain] INFO  o.s.b.d.env.DevToolsPropertyDefaultsPostProcessor - For additional web related logging consider setting the 'logging.level.web' property to 'DEBUG'
2022-07-17 15:04:31.578 [restartedMain] INFO  o.s.boot.web.embedded.tomcat.TomcatWebServer - Tomcat initialized with port(s): 9998 (http)
2022-07-17 15:04:31.583 [restartedMain] INFO  org.apache.coyote.http11.Http11NioProtocol - Initializing ProtocolHandler ["http-nio-9998"]
2022-07-17 15:04:31.584 [restartedMain] INFO  org.apache.catalina.core.StandardService - Starting service [Tomcat]
2022-07-17 15:04:31.584 [restartedMain] INFO  org.apache.catalina.core.StandardEngine - Starting Servlet engine: [Apache Tomcat/9.0.45]
2022-07-17 15:04:31.631 [restartedMain] INFO  o.a.c.core.ContainerBase.[Tomcat].[localhost].[/] - Initializing Spring embedded WebApplicationContext
2022-07-17 15:04:31.634 [restartedMain] INFO  o.s.b.w.s.c.ServletWebServerApplicationContext - Root WebApplicationContext: initialization completed in 1505 ms
2022-07-17 15:04:31.916 [restartedMain] INFO  com.zaxxer.hikari.HikariDataSource - GuliHikariPool - Starting...
2022-07-17 15:04:32.071 [restartedMain] INFO  com.zaxxer.hikari.HikariDataSource - GuliHikariPool - Start completed.
2022-07-17 15:04:32.696 [restartedMain] INFO  s.d.s.w.PropertySourcedRequestMappingHandlerMapping - Mapped URL path [/v2/api-docs] onto method [springfox.documentation.swagger2.web.Swagger2Controller#getDocumentation(String, HttpServletRequest)]
2022-07-17 15:04:32.770 [restartedMain] INFO  o.s.scheduling.concurrent.ThreadPoolTaskExecutor - Initializing ExecutorService 'applicationTaskExecutor'
2022-07-17 15:04:32.807 [restartedMain] INFO  o.s.b.d.autoconfigure.OptionalLiveReloadServer - LiveReload server is running on port 35729
2022-07-17 15:04:32.957 [restartedMain] INFO  org.apache.coyote.http11.Http11NioProtocol - Starting ProtocolHandler ["http-nio-9998"]
2022-07-17 15:04:32.975 [restartedMain] INFO  o.s.boot.web.embedded.tomcat.TomcatWebServer - Tomcat started on port(s): 9998 (http) with context path ''
2022-07-17 15:04:32.976 [restartedMain] INFO  s.d.s.web.plugins.DocumentationPluginsBootstrapper - Context refreshed
2022-07-17 15:04:32.983 [restartedMain] INFO  s.d.s.web.plugins.DocumentationPluginsBootstrapper - Found 1 custom documentation plugin(s)
2022-07-17 15:04:33.008 [restartedMain] INFO  s.d.spring.web.scanners.ApiListingReferenceScanner - Scanning for api listing references
2022-07-17 15:04:33.031 [restartedMain] INFO  com.atguigu.hospital.ManageApplication - Started ManageApplication in 3.563 seconds (JVM running for 4.318)
2022-07-17 15:11:38.856 [http-nio-9998-exec-1] INFO  o.a.c.core.ContainerBase.[Tomcat].[localhost].[/] - Initializing Spring DispatcherServlet 'dispatcherServlet'
2022-07-17 15:11:38.858 [http-nio-9998-exec-1] INFO  org.springframework.web.servlet.DispatcherServlet - Initializing Servlet 'dispatcherServlet'
2022-07-17 15:11:38.881 [http-nio-9998-exec-1] INFO  org.springframework.web.servlet.DispatcherServlet - Completed initialization in 22 ms
2022-07-17 15:11:39.027 [http-nio-9998-exec-1] INFO  com.atguigu.hospital.util.HttpRequestHelper - 加密前：桥东小区|100|Wed Sep 13 00:00:00 CST 2000|440107200009140930|10|440100|||||200040878|440101|62cfe86b42022c407588d0ac|1000_0|0|啵啵肠z|13726750699|440000|2022-07-18|0|1|1658041898750|674c4139707728439a6510eae12deea9
2022-07-17 15:11:39.029 [http-nio-9998-exec-1] INFO  com.atguigu.hospital.util.HttpRequestHelper - 加密后：89de07a39b5ffc8001c8fab2044ec0e0
2022-07-17 15:11:39.074 [http-nio-9998-exec-1] INFO  c.a.hospital.service.impl.HospitalServiceImpl - {"amount":"100","birthdate":"Wed Sep 13 00:00:00 CST 2000","districtCode":"440101","address":"桥东小区","hosScheduleId":"62cfe86b42022c407588d0ac","provinceCode":"440000","cityCode":"440100","sex":"1","contactsCertificatesType":"","hoscode":"1000_0","isMarry":"0","contactsName":"","certificatesNo":"440107200009140930","contactsPhone":"","contactsCertificatesNo":"","phone":"13726750699","reserveTime":"0","name":"啵啵肠z","depcode":"200040878","reserveDate":"2022-07-18","certificatesType":"10","timestamp":"1658041898750"}
2022-07-17 15:11:39.130 [http-nio-9998-exec-1] INFO  c.a.hospital.service.impl.HospitalServiceImpl - {"address":"桥东小区","birthdate":"Wed Sep 13 00:00:00 CST 2000","certificatesNo":"440107200009140930","certificatesType":"10","cityCode":"440100","contactsCertificatesNo":"","contactsCertificatesType":"","contactsName":"","contactsPhone":"","districtCode":"440101","isMarry":0,"name":"啵啵肠z","param":{},"phone":"13726750699","provinceCode":"440000","sex":1}
2022-07-17 15:25:23.033 [SpringContextShutdownHook] INFO  o.s.scheduling.concurrent.ThreadPoolTaskExecutor - Shutting down ExecutorService 'applicationTaskExecutor'
2022-07-17 15:25:23.036 [SpringContextShutdownHook] INFO  com.zaxxer.hikari.HikariDataSource - GuliHikariPool - Shutdown initiated...
2022-07-17 15:25:23.043 [SpringContextShutdownHook] INFO  com.zaxxer.hikari.HikariDataSource - GuliHikariPool - Shutdown completed.
2022-07-17 15:25:55.243 [restartedMain] INFO  com.atguigu.hospital.ManageApplication - Starting ManageApplication on bobochangdeMacBook-Pro.local with PID 11466 (/Users/bobochang/Documents/IdeaProjects/yygh_parent/hospital-manage/target/classes started by bobochang in /Users/bobochang/Documents/IdeaProjects/yygh_parent)
2022-07-17 15:25:55.250 [restartedMain] INFO  com.atguigu.hospital.ManageApplication - The following profiles are active: dev
2022-07-17 15:25:55.364 [restartedMain] INFO  o.s.b.d.env.DevToolsPropertyDefaultsPostProcessor - Devtools property defaults active! Set 'spring.devtools.add-properties' to 'false' to disable
2022-07-17 15:25:55.365 [restartedMain] INFO  o.s.b.d.env.DevToolsPropertyDefaultsPostProcessor - For additional web related logging consider setting the 'logging.level.web' property to 'DEBUG'
2022-07-17 15:25:56.972 [restartedMain] INFO  o.s.boot.web.embedded.tomcat.TomcatWebServer - Tomcat initialized with port(s): 9998 (http)
2022-07-17 15:25:56.979 [restartedMain] INFO  org.apache.coyote.http11.Http11NioProtocol - Initializing ProtocolHandler ["http-nio-9998"]
2022-07-17 15:25:56.980 [restartedMain] INFO  org.apache.catalina.core.StandardService - Starting service [Tomcat]
2022-07-17 15:25:56.980 [restartedMain] INFO  org.apache.catalina.core.StandardEngine - Starting Servlet engine: [Apache Tomcat/9.0.45]
2022-07-17 15:25:57.043 [restartedMain] INFO  o.a.c.core.ContainerBase.[Tomcat].[localhost].[/] - Initializing Spring embedded WebApplicationContext
2022-07-17 15:25:57.045 [restartedMain] INFO  o.s.b.w.s.c.ServletWebServerApplicationContext - Root WebApplicationContext: initialization completed in 1680 ms
2022-07-17 15:25:57.368 [restartedMain] INFO  com.zaxxer.hikari.HikariDataSource - GuliHikariPool - Starting...
2022-07-17 15:25:57.541 [restartedMain] INFO  com.zaxxer.hikari.HikariDataSource - GuliHikariPool - Start completed.
2022-07-17 15:25:58.390 [restartedMain] INFO  s.d.s.w.PropertySourcedRequestMappingHandlerMapping - Mapped URL path [/v2/api-docs] onto method [springfox.documentation.swagger2.web.Swagger2Controller#getDocumentation(String, HttpServletRequest)]
2022-07-17 15:25:58.479 [restartedMain] INFO  o.s.scheduling.concurrent.ThreadPoolTaskExecutor - Initializing ExecutorService 'applicationTaskExecutor'
2022-07-17 15:25:58.708 [restartedMain] INFO  org.apache.coyote.http11.Http11NioProtocol - Starting ProtocolHandler ["http-nio-9998"]
2022-07-17 15:25:58.729 [restartedMain] INFO  o.s.boot.web.embedded.tomcat.TomcatWebServer - Tomcat started on port(s): 9998 (http) with context path ''
2022-07-17 15:25:58.730 [restartedMain] INFO  s.d.s.web.plugins.DocumentationPluginsBootstrapper - Context refreshed
2022-07-17 15:25:58.740 [restartedMain] INFO  s.d.s.web.plugins.DocumentationPluginsBootstrapper - Found 1 custom documentation plugin(s)
2022-07-17 15:25:58.764 [restartedMain] INFO  s.d.spring.web.scanners.ApiListingReferenceScanner - Scanning for api listing references
2022-07-17 15:25:58.795 [restartedMain] INFO  com.atguigu.hospital.ManageApplication - Started ManageApplication in 4.426 seconds (JVM running for 5.451)
2022-07-17 15:28:18.104 [http-nio-9998-exec-1] INFO  o.a.c.core.ContainerBase.[Tomcat].[localhost].[/] - Initializing Spring DispatcherServlet 'dispatcherServlet'
2022-07-17 15:28:18.114 [http-nio-9998-exec-1] INFO  org.springframework.web.servlet.DispatcherServlet - Initializing Servlet 'dispatcherServlet'
2022-07-17 15:28:18.138 [http-nio-9998-exec-1] INFO  org.springframework.web.servlet.DispatcherServlet - Completed initialization in 23 ms
2022-07-17 15:28:18.267 [http-nio-9998-exec-1] INFO  com.atguigu.hospital.util.HttpRequestHelper - 加密前：桥东小区|100|Wed Sep 13 00:00:00 CST 2000|440107200009140930|10|440100|||||200040878|440101|62cfe86b42022c407588d0ac|1000_0|0|啵啵肠z|13726750699|440000|2022-07-18|0|1|1658042898013|674c4139707728439a6510eae12deea9
2022-07-17 15:28:18.269 [http-nio-9998-exec-1] INFO  com.atguigu.hospital.util.HttpRequestHelper - 加密后：a27b031fa483b2b60417998f6a9330f5
2022-07-17 15:28:18.297 [http-nio-9998-exec-1] INFO  c.a.hospital.service.impl.HospitalServiceImpl - {"amount":"100","birthdate":"Wed Sep 13 00:00:00 CST 2000","districtCode":"440101","address":"桥东小区","hosScheduleId":"62cfe86b42022c407588d0ac","provinceCode":"440000","cityCode":"440100","sex":"1","contactsCertificatesType":"","hoscode":"1000_0","isMarry":"0","contactsName":"","certificatesNo":"440107200009140930","contactsPhone":"","contactsCertificatesNo":"","phone":"13726750699","reserveTime":"0","name":"啵啵肠z","depcode":"200040878","reserveDate":"2022-07-18","certificatesType":"10","timestamp":"1658042898013"}
2022-07-17 15:28:18.342 [http-nio-9998-exec-1] INFO  c.a.hospital.service.impl.HospitalServiceImpl - {"address":"桥东小区","birthdate":"Wed Sep 13 00:00:00 CST 2000","certificatesNo":"440107200009140930","certificatesType":"10","cityCode":"440100","contactsCertificatesNo":"","contactsCertificatesType":"","contactsName":"","contactsPhone":"","districtCode":"440101","isMarry":0,"name":"啵啵肠z","param":{},"phone":"13726750699","provinceCode":"440000","sex":1}
2022-07-17 15:28:58.388 [http-nio-9998-exec-2] INFO  com.atguigu.hospital.util.HttpRequestHelper - 加密前：桥东小区|100|Wed Sep 13 00:00:00 CST 2000|440107200009140930|10|440100|||||200040878|440101|62cfe86b42022c407588d0ac|1000_0|0|啵啵肠z|13726750699|440000|2022-07-18|0|1|1658042938356|674c4139707728439a6510eae12deea9
2022-07-17 15:28:58.390 [http-nio-9998-exec-2] INFO  com.atguigu.hospital.util.HttpRequestHelper - 加密后：4c2ff3aa50a5d059c39d85d0c043850e
2022-07-17 15:28:58.392 [http-nio-9998-exec-2] INFO  c.a.hospital.service.impl.HospitalServiceImpl - {"amount":"100","birthdate":"Wed Sep 13 00:00:00 CST 2000","districtCode":"440101","address":"桥东小区","hosScheduleId":"62cfe86b42022c407588d0ac","provinceCode":"440000","cityCode":"440100","sex":"1","contactsCertificatesType":"","hoscode":"1000_0","isMarry":"0","contactsName":"","certificatesNo":"440107200009140930","contactsPhone":"","contactsCertificatesNo":"","phone":"13726750699","reserveTime":"0","name":"啵啵肠z","depcode":"200040878","reserveDate":"2022-07-18","certificatesType":"10","timestamp":"1658042938356"}
2022-07-17 15:28:58.404 [http-nio-9998-exec-2] INFO  c.a.hospital.service.impl.HospitalServiceImpl - {"address":"桥东小区","birthdate":"Wed Sep 13 00:00:00 CST 2000","certificatesNo":"440107200009140930","certificatesType":"10","cityCode":"440100","contactsCertificatesNo":"","contactsCertificatesType":"","contactsName":"","contactsPhone":"","districtCode":"440101","isMarry":0,"name":"啵啵肠z","param":{},"phone":"13726750699","provinceCode":"440000","sex":1}
2022-07-17 15:30:40.468 [SpringContextShutdownHook] INFO  o.s.scheduling.concurrent.ThreadPoolTaskExecutor - Shutting down ExecutorService 'applicationTaskExecutor'
2022-07-17 15:30:40.476 [SpringContextShutdownHook] INFO  com.zaxxer.hikari.HikariDataSource - GuliHikariPool - Shutdown initiated...
2022-07-17 15:30:40.486 [SpringContextShutdownHook] INFO  com.zaxxer.hikari.HikariDataSource - GuliHikariPool - Shutdown completed.
2022-07-17 15:30:46.361 [restartedMain] INFO  com.atguigu.hospital.ManageApplication - Starting ManageApplication on bobochangdeMacBook-Pro.local with PID 12119 (/Users/bobochang/Documents/IdeaProjects/yygh_parent/hospital-manage/target/classes started by bobochang in /Users/bobochang/Documents/IdeaProjects/yygh_parent)
2022-07-17 15:30:46.371 [restartedMain] INFO  com.atguigu.hospital.ManageApplication - The following profiles are active: dev
2022-07-17 15:30:46.443 [restartedMain] INFO  o.s.b.d.env.DevToolsPropertyDefaultsPostProcessor - Devtools property defaults active! Set 'spring.devtools.add-properties' to 'false' to disable
2022-07-17 15:30:46.443 [restartedMain] INFO  o.s.b.d.env.DevToolsPropertyDefaultsPostProcessor - For additional web related logging consider setting the 'logging.level.web' property to 'DEBUG'
2022-07-17 15:30:47.988 [restartedMain] INFO  o.s.boot.web.embedded.tomcat.TomcatWebServer - Tomcat initialized with port(s): 9998 (http)
2022-07-17 15:30:47.994 [restartedMain] INFO  org.apache.coyote.http11.Http11NioProtocol - Initializing ProtocolHandler ["http-nio-9998"]
2022-07-17 15:30:47.995 [restartedMain] INFO  org.apache.catalina.core.StandardService - Starting service [Tomcat]
2022-07-17 15:30:47.995 [restartedMain] INFO  org.apache.catalina.core.StandardEngine - Starting Servlet engine: [Apache Tomcat/9.0.45]
2022-07-17 15:30:48.054 [restartedMain] INFO  o.a.c.core.ContainerBase.[Tomcat].[localhost].[/] - Initializing Spring embedded WebApplicationContext
2022-07-17 15:30:48.058 [restartedMain] INFO  o.s.b.w.s.c.ServletWebServerApplicationContext - Root WebApplicationContext: initialization completed in 1614 ms
2022-07-17 15:30:48.384 [restartedMain] INFO  com.zaxxer.hikari.HikariDataSource - GuliHikariPool - Starting...
2022-07-17 15:30:48.563 [restartedMain] INFO  com.zaxxer.hikari.HikariDataSource - GuliHikariPool - Start completed.
2022-07-17 15:30:49.234 [restartedMain] INFO  s.d.s.w.PropertySourcedRequestMappingHandlerMapping - Mapped URL path [/v2/api-docs] onto method [springfox.documentation.swagger2.web.Swagger2Controller#getDocumentation(String, HttpServletRequest)]
2022-07-17 15:30:49.316 [restartedMain] INFO  o.s.scheduling.concurrent.ThreadPoolTaskExecutor - Initializing ExecutorService 'applicationTaskExecutor'
2022-07-17 15:30:49.508 [restartedMain] INFO  org.apache.coyote.http11.Http11NioProtocol - Starting ProtocolHandler ["http-nio-9998"]
2022-07-17 15:30:49.526 [restartedMain] INFO  o.s.boot.web.embedded.tomcat.TomcatWebServer - Tomcat started on port(s): 9998 (http) with context path ''
2022-07-17 15:30:49.527 [restartedMain] INFO  s.d.s.web.plugins.DocumentationPluginsBootstrapper - Context refreshed
2022-07-17 15:30:49.534 [restartedMain] INFO  s.d.s.web.plugins.DocumentationPluginsBootstrapper - Found 1 custom documentation plugin(s)
2022-07-17 15:30:49.558 [restartedMain] INFO  s.d.spring.web.scanners.ApiListingReferenceScanner - Scanning for api listing references
2022-07-17 15:30:49.587 [restartedMain] INFO  com.atguigu.hospital.ManageApplication - Started ManageApplication in 3.883 seconds (JVM running for 4.706)
2022-07-17 15:32:09.626 [SpringContextShutdownHook] INFO  o.s.scheduling.concurrent.ThreadPoolTaskExecutor - Shutting down ExecutorService 'applicationTaskExecutor'
2022-07-17 15:32:09.630 [SpringContextShutdownHook] INFO  com.zaxxer.hikari.HikariDataSource - GuliHikariPool - Shutdown initiated...
2022-07-17 15:32:09.640 [SpringContextShutdownHook] INFO  com.zaxxer.hikari.HikariDataSource - GuliHikariPool - Shutdown completed.
2022-07-17 15:32:19.292 [restartedMain] INFO  com.atguigu.hospital.ManageApplication - Starting ManageApplication on bobochangdeMacBook-Pro.local with PID 12335 (/Users/bobochang/Documents/IdeaProjects/yygh_parent/hospital-manage/target/classes started by bobochang in /Users/bobochang/Documents/IdeaProjects/yygh_parent)
2022-07-17 15:32:19.300 [restartedMain] INFO  com.atguigu.hospital.ManageApplication - The following profiles are active: dev
2022-07-17 15:32:19.358 [restartedMain] INFO  o.s.b.d.env.DevToolsPropertyDefaultsPostProcessor - Devtools property defaults active! Set 'spring.devtools.add-properties' to 'false' to disable
2022-07-17 15:32:19.359 [restartedMain] INFO  o.s.b.d.env.DevToolsPropertyDefaultsPostProcessor - For additional web related logging consider setting the 'logging.level.web' property to 'DEBUG'
2022-07-17 15:32:20.912 [restartedMain] INFO  o.s.boot.web.embedded.tomcat.TomcatWebServer - Tomcat initialized with port(s): 9998 (http)
2022-07-17 15:32:20.919 [restartedMain] INFO  org.apache.coyote.http11.Http11NioProtocol - Initializing ProtocolHandler ["http-nio-9998"]
2022-07-17 15:32:20.920 [restartedMain] INFO  org.apache.catalina.core.StandardService - Starting service [Tomcat]
2022-07-17 15:32:20.920 [restartedMain] INFO  org.apache.catalina.core.StandardEngine - Starting Servlet engine: [Apache Tomcat/9.0.45]
2022-07-17 15:32:20.975 [restartedMain] INFO  o.a.c.core.ContainerBase.[Tomcat].[localhost].[/] - Initializing Spring embedded WebApplicationContext
2022-07-17 15:32:20.977 [restartedMain] INFO  o.s.b.w.s.c.ServletWebServerApplicationContext - Root WebApplicationContext: initialization completed in 1618 ms
2022-07-17 15:32:21.285 [restartedMain] INFO  com.zaxxer.hikari.HikariDataSource - GuliHikariPool - Starting...
2022-07-17 15:32:21.459 [restartedMain] INFO  com.zaxxer.hikari.HikariDataSource - GuliHikariPool - Start completed.
2022-07-17 15:32:22.188 [restartedMain] INFO  s.d.s.w.PropertySourcedRequestMappingHandlerMapping - Mapped URL path [/v2/api-docs] onto method [springfox.documentation.swagger2.web.Swagger2Controller#getDocumentation(String, HttpServletRequest)]
2022-07-17 15:32:22.271 [restartedMain] INFO  o.s.scheduling.concurrent.ThreadPoolTaskExecutor - Initializing ExecutorService 'applicationTaskExecutor'
2022-07-17 15:32:22.498 [restartedMain] INFO  org.apache.coyote.http11.Http11NioProtocol - Starting ProtocolHandler ["http-nio-9998"]
2022-07-17 15:32:22.516 [restartedMain] INFO  o.s.boot.web.embedded.tomcat.TomcatWebServer - Tomcat started on port(s): 9998 (http) with context path ''
2022-07-17 15:32:22.518 [restartedMain] INFO  s.d.s.web.plugins.DocumentationPluginsBootstrapper - Context refreshed
2022-07-17 15:32:22.525 [restartedMain] INFO  s.d.s.web.plugins.DocumentationPluginsBootstrapper - Found 1 custom documentation plugin(s)
2022-07-17 15:32:22.550 [restartedMain] INFO  s.d.spring.web.scanners.ApiListingReferenceScanner - Scanning for api listing references
2022-07-17 15:32:22.567 [restartedMain] INFO  com.atguigu.hospital.ManageApplication - Started ManageApplication in 3.877 seconds (JVM running for 4.704)
